<?xml version="1.0" encoding="UTF-8"?>
<!-- Generated by org.testng.reporters.JUnitXMLReporter -->
<testsuite hostname="Nikolaj" name="Default test" tests="4" failures="0" timestamp="23 May 2014 03:53:46 GMT" time="11.51" errors="0">
  <testcase name="testEmptyGroupCreation" time="1.798" classname="com.example.tests.AlsoGroupCreationTests"/>
  <testcase name="testNonEmptyGroupCreation" time="1.767" classname="com.example.tests.AlsoGroupCreationTests"/>
  <testcase name="testEmptyGroupCreation" time="1.111" classname="com.example.tests.GroupCreationTests"/>
  <testcase name="testNonEmptyGroupCreation" time="1.257" classname="com.example.tests.GroupCreationTests"/>
</testsuite> <!-- Default test -->
