<?xml version="1.0" encoding="UTF-8"?>
<!-- Generated by org.testng.reporters.JUnitXMLReporter -->
<testsuite hostname="Nikolaj" name="Default test" tests="4" failures="0" timestamp="25 May 2014 11:47:50 GMT" time="14.073" errors="0">
  <testcase name="testEmptyGroupCreation" time="1.871" classname="com.example.tests.GroupCreationTests"/>
  <testcase name="testNonEmptyGroupCreation" time="1.968" classname="com.example.tests.GroupCreationTests"/>
  <testcase name="testEmptyContactCreation" time="2.249" classname="com.example.tests.ContactCreationTests"/>
  <testcase name="testNonEmptyContactCreation" time="2.528" classname="com.example.tests.ContactCreationTests"/>
</testsuite> <!-- Default test -->
