<?xml version="1.0" encoding="UTF-8"?>
<testng-results skipped="0" failed="0" total="2" passed="2">
  <reporter-output>
  </reporter-output>
  <suite name="Default suite" duration-ms="13486" started-at="2014-05-25T21:38:18Z" finished-at="2014-05-25T21:38:31Z">
    <groups>
    </groups>
    <test name="Default test" duration-ms="13486" started-at="2014-05-25T21:38:18Z" finished-at="2014-05-25T21:38:31Z">
      <class name="com.example.tests.GroupCreationTests">
        <test-method status="PASS" signature="setUp()[pri:0, instance:com.example.tests.GroupCreationTests@5d7c1cf0]" name="setUp" is-config="true" duration-ms="9361" started-at="2014-05-26T00:38:18Z" finished-at="2014-05-26T00:38:27Z">
          <reporter-output>
          </reporter-output>
        </test-method> <!-- setUp -->
        <test-method status="PASS" signature="testEmptyGroupCreation()[pri:0, instance:com.example.tests.GroupCreationTests@5d7c1cf0]" name="testEmptyGroupCreation" duration-ms="2094" started-at="2014-05-26T00:38:27Z" finished-at="2014-05-26T00:38:29Z">
          <reporter-output>
          </reporter-output>
        </test-method> <!-- testEmptyGroupCreation -->
        <test-method status="PASS" signature="testNonEmptyGroupCreation()[pri:0, instance:com.example.tests.GroupCreationTests@5d7c1cf0]" name="testNonEmptyGroupCreation" duration-ms="1850" started-at="2014-05-26T00:38:29Z" finished-at="2014-05-26T00:38:31Z">
          <reporter-output>
          </reporter-output>
        </test-method> <!-- testNonEmptyGroupCreation -->
        <test-method status="PASS" signature="tearDown()[pri:0, instance:com.example.tests.GroupCreationTests@5d7c1cf0]" name="tearDown" is-config="true" duration-ms="166" started-at="2014-05-26T00:38:31Z" finished-at="2014-05-26T00:38:31Z">
          <reporter-output>
          </reporter-output>
        </test-method> <!-- tearDown -->
      </class> <!-- com.example.tests.GroupCreationTests -->
    </test> <!-- Default test -->
  </suite> <!-- Default suite -->
</testng-results>
